#
# There is insufficient memory for the Java Runtime Environment to continue.
# Native memory allocation (mmap) failed to map 67108864 bytes. Error detail: G1 virtual space
# Possible reasons:
#   The system is out of physical RAM or swap space
#   This process is running with CompressedOops enabled, and the Java Heap may be blocking the growth of the native heap
# Possible solutions:
#   Reduce memory load on the system
#   Increase physical memory or swap space
#   Check if swap backing store is full
#   Decrease Java heap size (-Xmx/-Xms)
#   Decrease number of Java threads
#   Decrease Java thread stack sizes (-Xss)
#   Set larger code cache with -XX:ReservedCodeCacheSize=
#   JVM is running with Unscaled Compressed Oops mode in which the Java heap is
#     placed in the first 4GB address space. The Java Heap base address is the
#     maximum limit for the native heap growth. Please use -XX:HeapBaseMinAddress
#     to set the Java Heap base and to place the Java Heap above 4GB virtual address.
# This output file may be truncated or incomplete.
#
#  Out of Memory Error (os_windows.cpp:3631), pid=11020, tid=10176
#
# JRE version:  (22.0.2+9) (build )
# Java VM: Java HotSpot(TM) 64-Bit Server VM (22.0.2+9-70, mixed mode, sharing, tiered, compressed oops, compressed class ptrs, g1 gc, windows-amd64)
# No core dump will be written. Minidumps are not enabled by default on client versions of Windows
#

---------------  S U M M A R Y ------------

Command Line: com.mycompany.java_lab_2.Java_lab_2

Host: Intel(R) Pentium(R) CPU 4417U @ 2.30GHz, 4 cores, 3G,  Windows 10 , 64 bit Build 19041 (10.0.19041.662)
Time: Sat Sep 21 16:48:12 2024 RTZ 2 (s 10 , 64 bit Build 19041 (10.0.19041.662) elapsed time: 0.729100 seconds (0d 0h 0m 0s)

---------------  T H R E A D  ---------------

Current thread (0x000002097977be90):  JavaThread "Unknown thread" [_thread_in_vm, id=10176, stack(0x000000d317300000,0x000000d317400000) (1024K)]

Stack: [0x000000d317300000,0x000000d317400000]
Native frames: (J=compiled Java code, j=interpreted, Vv=VM code, C=native code)
V  [jvm.dll+0x6e26e9]  (no source info available)
V  [jvm.dll+0x875753]  (no source info available)
V  [jvm.dll+0x877b7e]  (no source info available)
V  [jvm.dll+0x878253]  (no source info available)
V  [jvm.dll+0x27fc86]  (no source info available)
V  [jvm.dll+0x6ded85]  (no source info available)
V  [jvm.dll+0x6d388a]  (no source info available)
V  [jvm.dll+0x358b8a]  (no source info available)
V  [jvm.dll+0x3610b6]  (no source info available)
V  [jvm.dll+0x3b419e]  (no source info available)
V  [jvm.dll+0x3b4448]  (no source info available)
V  [jvm.dll+0x32c5ec]  (no source info available)
V  [jvm.dll+0x32d258]  (no source info available)
V  [jvm.dll+0x83d5ac]  (no source info available)
V  [jvm.dll+0x3c10d1]  (no source info available)
V  [jvm.dll+0x8264cc]  (no source info available)
V  [jvm.dll+0x45bd5e]  (no source info available)
V  [jvm.dll+0x45dbe1]  (no source info available)
C  [jli.dll+0x52a3]  (no source info available)
C  [ucrtbase.dll+0x214c2]  (no source info available)
C  [KERNEL32.DLL+0x17034]  (no source info available)
C  [ntdll.dll+0x4d0d1]  (no source info available)


---------------  P R O C E S S  ---------------

Threads class SMR info:
_java_thread_list=0x00007ffacf77c1c8, length=0, elements={
}

Java Threads: ( => current thread )
Total: 0

Other Threads:
  0x000002097b971680 WorkerThread "GC Thread#0"                     [id=11184, stack(0x000000d317400000,0x000000d317500000) (1024K)]
  0x000002097b97a2b0 ConcurrentGCThread "G1 Main Marker"            [id=11188, stack(0x000000d317500000,0x000000d317600000) (1024K)]
  0x000002097b97af70 WorkerThread "G1 Conc#0"                       [id=11068, stack(0x000000d317600000,0x000000d317700000) (1024K)]

[error occurred during error reporting (printing all threads), id 0xc0000005, EXCEPTION_ACCESS_VIOLATION (0xc0000005) at pc=0x00007ffaceecf517]
VM state: not at safepoint (not fully initialized)

VM Mutex/Monitor currently owned by a thread:  ([mutex/lock_event])
[0x00007ffacf7fcc80] Heap_lock - owner thread: 0x000002097977be90

Heap address: 0x00000000c1e00000, size: 994 MB, Compressed Oops mode: 32-bit

CDS archive(s) mapped at: [0x0000000000000000-0x0000000000000000-0x0000000000000000), size 0, SharedBaseAddress: 0x0000000800000000, ArchiveRelocationMode: 1.
Narrow klass base: 0x0000000000000000, Narrow klass shift: 0, Narrow klass range: 0x0

GC Precious Log:
 CardTable entry size: 512
 Card Set container configuration: InlinePtr #cards 5 size 8 Array Of Cards #cards 12 size 40 Howl #buckets 4 coarsen threshold 1843 Howl Bitmap #cards 512 size 80 coarsen threshold 460 Card regions per heap region 1 cards per card region 2048

Heap:
 garbage-first heap   total reserved 1017856K, committed 0K, used 0K [0x00000000c1e00000, 0x0000000100000000)
  region size 1024K, 0 young (0K), 0 survivors (0K)

[error occurred during error reporting (printing heap information), id 0xc0000005, EXCEPTION_ACCESS_VIOLATION (0xc0000005) at pc=0x00007ffacf2ce869]
GC Heap History (0 events):
No events

Dll operation events (1 events):
Event: 0.021 Loaded shared library C:\Program Files\Java\jdk-22\bin\java.dll

Deoptimization events (0 events):
No events

Classes loaded (0 events):
No events

Classes unloaded (0 events):
No events

Classes redefined (0 events):
No events

Internal exceptions (0 events):
No events

ZGC Phase Switch (0 events):
No events

VM Operations (0 events):
No events

Memory protections (0 events):
No events

Nmethod flushes (0 events):
No events

Events (0 events):
No events


Dynamic libraries:
0x00007ff7f55a0000 - 0x00007ff7f55b0000 	C:\Program Files\Java\jdk-22\bin\java.exe
0x00007ffafecb0000 - 0x00007ffafeea6000 	C:\Windows\SYSTEM32\ntdll.dll
0x00007ffafd7f0000 - 0x00007ffafd8ad000 	C:\Windows\System32\KERNEL32.DLL
0x00007ffafc4d0000 - 0x00007ffafc799000 	C:\Windows\System32\KERNELBASE.dll
0x00007ffafca90000 - 0x00007ffafcb90000 	C:\Windows\System32\ucrtbase.dll
0x00007ffae8aa0000 - 0x00007ffae8abb000 	C:\Program Files\Java\jdk-22\bin\VCRUNTIME140.dll
0x00007ffaecfa0000 - 0x00007ffaecfb7000 	C:\Program Files\Java\jdk-22\bin\jli.dll
0x00007ffafe620000 - 0x00007ffafe7c0000 	C:\Windows\System32\USER32.dll
0x00007ffafca60000 - 0x00007ffafca82000 	C:\Windows\System32\win32u.dll
0x00007ffae7020000 - 0x00007ffae72bb000 	C:\Windows\WinSxS\amd64_microsoft.windows.common-controls_6595b64144ccf1df_6.0.19041.488_none_ca04af081b815d21\COMCTL32.dll
0x00007ffafe970000 - 0x00007ffafe99a000 	C:\Windows\System32\GDI32.dll
0x00007ffafcd70000 - 0x00007ffafce0e000 	C:\Windows\System32\msvcrt.dll
0x00007ffafc3c0000 - 0x00007ffafc4c9000 	C:\Windows\System32\gdi32full.dll
0x00007ffafcc40000 - 0x00007ffafccdd000 	C:\Windows\System32\msvcp_win.dll
0x00007ffafeb00000 - 0x00007ffafeb30000 	C:\Windows\System32\IMM32.DLL
0x00007ffae9e80000 - 0x00007ffae9e8c000 	C:\Program Files\Java\jdk-22\bin\vcruntime140_1.dll
0x00007ffad6660000 - 0x00007ffad66ee000 	C:\Program Files\Java\jdk-22\bin\msvcp140.dll
0x00007ffaceb90000 - 0x00007ffacf8d9000 	C:\Program Files\Java\jdk-22\bin\server\jvm.dll
0x00007ffafd070000 - 0x00007ffafd11c000 	C:\Windows\System32\ADVAPI32.dll
0x00007ffafeb40000 - 0x00007ffafebdc000 	C:\Windows\System32\sechost.dll
0x00007ffafd8b0000 - 0x00007ffafd9db000 	C:\Windows\System32\RPCRT4.dll
0x00007ffafd9e0000 - 0x00007ffafda4b000 	C:\Windows\System32\WS2_32.dll
0x00007ffafc220000 - 0x00007ffafc26b000 	C:\Windows\SYSTEM32\POWRPROF.dll
0x00007ffae05b0000 - 0x00007ffae05d7000 	C:\Windows\SYSTEM32\WINMM.dll
0x00007ffaf5ea0000 - 0x00007ffaf5eaa000 	C:\Windows\SYSTEM32\VERSION.dll
0x00007ffafc200000 - 0x00007ffafc212000 	C:\Windows\SYSTEM32\UMPDC.dll
0x00007ffafa310000 - 0x00007ffafa322000 	C:\Windows\SYSTEM32\kernel.appcore.dll
0x00007ffae98f0000 - 0x00007ffae98fa000 	C:\Program Files\Java\jdk-22\bin\jimage.dll
0x00007ffae7b60000 - 0x00007ffae7d44000 	C:\Windows\SYSTEM32\DBGHELP.DLL
0x00007ffaeba80000 - 0x00007ffaebaac000 	C:\Windows\SYSTEM32\dbgcore.DLL
0x00007ffafc850000 - 0x00007ffafc8d0000 	C:\Windows\System32\bcryptPrimitives.dll
0x00007ffae8360000 - 0x00007ffae837e000 	C:\Program Files\Java\jdk-22\bin\java.dll
0x00007ffafda50000 - 0x00007ffafe192000 	C:\Windows\System32\SHELL32.dll
0x00007ffafd180000 - 0x00007ffafd2aa000 	C:\Windows\System32\ole32.dll
0x00007ffafe1a0000 - 0x00007ffafe4f6000 	C:\Windows\System32\combase.dll

dbghelp: loaded successfully - version: 4.0.5 - missing functions: none
symbol engine: initialized successfully - sym options: 0x614 - pdb path: .;C:\Program Files\Java\jdk-22\bin;C:\Windows\SYSTEM32;C:\Windows\WinSxS\amd64_microsoft.windows.common-controls_6595b64144ccf1df_6.0.19041.488_none_ca04af081b815d21;C:\Program Files\Java\jdk-22\bin\server

VM Arguments:
java_command: com.mycompany.java_lab_2.Java_lab_2
java_class_path (initial): E:\javaThings\java_lab_2\java_lab_2\target\classes
Launcher Type: SUN_STANDARD

[Global flags]
     intx CICompilerCount                          = 3                                         {product} {ergonomic}
     uint ConcGCThreads                            = 1                                         {product} {ergonomic}
     uint G1ConcRefinementThreads                  = 4                                         {product} {ergonomic}
   size_t G1HeapRegionSize                         = 1048576                                   {product} {ergonomic}
   size_t InitialHeapSize                          = 67108864                                  {product} {ergonomic}
   size_t MarkStackSize                            = 4194304                                   {product} {ergonomic}
   size_t MaxHeapSize                              = 1042284544                                {product} {ergonomic}
   size_t MinHeapDeltaBytes                        = 1048576                                   {product} {ergonomic}
   size_t MinHeapSize                              = 8388608                                   {product} {ergonomic}
    uintx NonNMethodCodeHeapSize                   = 5832780                                {pd product} {ergonomic}
    uintx NonProfiledCodeHeapSize                  = 122912730                              {pd product} {ergonomic}
    uintx ProfiledCodeHeapSize                     = 122912730                              {pd product} {ergonomic}
    uintx ReservedCodeCacheSize                    = 251658240                              {pd product} {ergonomic}
     bool SegmentedCodeCache                       = true                                      {product} {ergonomic}
   size_t SoftMaxHeapSize                          = 1042284544                             {manageable} {ergonomic}
     bool UseCompressedOops                        = true                           {product lp64_product} {ergonomic}
     bool UseG1GC                                  = true                                      {product} {ergonomic}
     bool UseLargePagesIndividualAllocation        = false                                  {pd product} {ergonomic}

Logging:
Log output configuration:
 #0: stdout all=warning uptime,level,tags foldmultilines=false
 #1: stderr all=off uptime,level,tags foldmultilines=false

Environment Variables:
JAVA_HOME=C:\Program Files\Java\jdk-22
PATH=C:\Program Files\Common Files\Oracle\Java\javapath;C:\Program Files (x86)\Common Files\Oracle\Java\java8path;C:\Program Files (x86)\Common Files\Oracle\Java\javapath;C:\Windows\system32;C:\Windows;C:\Windows\System32\Wbem;C:\Windows\System32\WindowsPowerShell\v1.0\;C:\Windows\System32\OpenSSH\;C:\Program Files (x86)\Windows Kits\10\Windows Performance Toolkit\;C:\Program Files\dotnet\;C:\Program Files\nodejs\;E:\GIT\Git\cmd;C:\Users\User\AppData\Local\Microsoft\WindowsApps;;C:\Users\User\AppData\Local\Programs\Microsoft VS Code\bin;C:\Users\User\.dotnet\tools;C:\Users\User\AppData\Roaming\npm
USERNAME=User
OS=Windows_NT
PROCESSOR_IDENTIFIER=Intel64 Family 6 Model 142 Stepping 10, GenuineIntel
TMP=C:\Users\User\AppData\Local\Temp
TEMP=C:\Users\User\AppData\Local\Temp




Periodic native trim disabled

---------------  S Y S T E M  ---------------

OS:
 Windows 10 , 64 bit Build 19041 (10.0.19041.662)
OS uptime: 0 days 1:57 hours

CPU: total 4 (initial active 4) (2 cores per cpu, 2 threads per core) family 6 model 142 stepping 10 microcode 0xb4, cx8, cmov, fxsr, ht, mmx, 3dnowpref, sse, sse2, sse3, ssse3, sse4.1, sse4.2, popcnt, lzcnt, tsc, tscinvbit, aes, erms, clmul, clflush, clflushopt, rdtscp
Processor Information for all 4 processors :
  Max Mhz: 2304, Current Mhz: 2304, Mhz Limit: 2304

Memory: 4k page, system-wide physical 3971M (601M free)
TotalPageFile size 9732M (AvailPageFile size 67M)
current process WorkingSet (physical memory assigned to process): 11M, peak: 11M
current process commit charge ("private bytes"): 52M, peak: 115M

vm_info: Java HotSpot(TM) 64-Bit Server VM (22.0.2+9-70) for windows-amd64 JRE (22.0.2+9-70), built on 2024-06-04T16:52:23Z by "mach5one" with MS VC++ 17.6 (VS2022)

END.
